2025-04-08 18:52:59.890488 - Received CBT.V508.FILE1043.PDS from FILE1043.XMI 
2025-04-08 18:52:59.906839 - Found $$$#DATE.txt (text/plain) in CBT.V508.FILE1043.PDS, moved to PDS/$$$#DATE
2025-04-08 18:52:59.907484 - Found $INSTALL.txt (text/plain) in CBT.V508.FILE1043.PDS, moved to PDS/$INSTALL
2025-04-08 18:52:59.908182 - Found $MEMLIST.txt (text/plain) in CBT.V508.FILE1043.PDS, moved to PDS/$MEMLIST
2025-04-08 18:52:59.908765 - Found $README.txt (text/plain) in CBT.V508.FILE1043.PDS, moved to PDS/$README
2025-04-08 18:52:59.909608 - Found #LOADXMI.xmi (application/xmit) in CBT.V508.FILE1043.PDS, moved to PDS/#LOADXMI.xmi
2025-04-08 18:52:59.954680 - Received SDBDC.CBTXXX.FILE1043.LOAD from #LOADXMI.xmi 
2025-04-08 18:52:59.956045 - Found DCJDDME.bin (application/octet-stream) in SDBDC.CBTXXX.FILE1043.LOAD, moved to #LOADXMI/DCJDDME
2025-04-08 18:52:59.956816 - Found DCJRXPP.bin (application/octet-stream) in SDBDC.CBTXXX.FILE1043.LOAD, moved to #LOADXMI/DCJRXPP
2025-04-08 18:52:59.957380 - Found IRXEXECI.bin (application/octet-stream) in SDBDC.CBTXXX.FILE1043.LOAD, moved to #LOADXMI/IRXEXECI
2025-04-08 18:52:59.957938 - Found IRXEXECT.bin (application/octet-stream) in SDBDC.CBTXXX.FILE1043.LOAD, moved to #LOADXMI/IRXEXECT
2025-04-08 18:52:59.958523 - Found IRXEXECU.bin (application/octet-stream) in SDBDC.CBTXXX.FILE1043.LOAD, moved to #LOADXMI/IRXEXECU
2025-04-08 18:52:59.959142 - Found IRXTSPRM.bin (application/octet-stream) in SDBDC.CBTXXX.FILE1043.LOAD, moved to #LOADXMI/IRXTSPRM
2025-04-08 18:52:59.960289 - Found @FIL1043.txt (text/plain) in CBT.V508.FILE1043.PDS, moved to PDS/@FIL1043
2025-04-08 18:52:59.960859 - Found DCHIRXE@.jcl (text/plain) in CBT.V508.FILE1043.PDS, moved to PDS/DCHIRXE@
2025-04-08 18:52:59.961462 - Found DCHIRXI@.jcl (text/plain) in CBT.V508.FILE1043.PDS, moved to PDS/DCHIRXI@
2025-04-08 18:52:59.962069 - Found DCHIRXP@.jcl (text/plain) in CBT.V508.FILE1043.PDS, moved to PDS/DCHIRXP@
2025-04-08 18:52:59.962680 - Found DCHIRXT@.jcl (text/plain) in CBT.V508.FILE1043.PDS, moved to PDS/DCHIRXT@
2025-04-08 18:52:59.963284 - Found DCJDDME.x-c (text/x-c) in CBT.V508.FILE1043.PDS, moved to PDS/DCJDDME
2025-04-08 18:52:59.963885 - Found DCJDDME$.jcl (text/plain) in CBT.V508.FILE1043.PDS, moved to PDS/DCJDDME$
2025-04-08 18:52:59.964518 - Found DCJRXPP.txt (text/plain) in CBT.V508.FILE1043.PDS, moved to PDS/DCJRXPP
2025-04-08 18:52:59.965184 - Found DCJRXPP$.jcl (text/plain) in CBT.V508.FILE1043.PDS, moved to PDS/DCJRXPP$
2025-04-08 18:52:59.965771 - Found DCXVMON.rexx (text/plain) in CBT.V508.FILE1043.PDS, moved to PDS/DCXVMON
2025-04-08 18:52:59.966300 - Found JCCXCL.txt (text/plain) in CBT.V508.FILE1043.PDS, moved to PDS/JCCXCL
2025-04-08 18:52:59.966946 - Found RXUMAC00.txt (text/plain) in CBT.V508.FILE1043.PDS, moved to PDS/RXUMAC00
2025-04-08 18:52:59.967572 - Found RXUMAYFO.rexx (text/plain) in CBT.V508.FILE1043.PDS, moved to PDS/RXUMAYFO
2025-04-08 18:52:59.968144 - Found RXUSLIB.txt (text/plain) in CBT.V508.FILE1043.PDS, moved to PDS/RXUSLIB
2025-04-08 18:52:59.968781 - Found RXUSUBEX.rexx (text/plain) in CBT.V508.FILE1043.PDS, moved to PDS/RXUSUBEX
2025-04-08 18:52:59.969382 - Found RXUTEST.rexx (text/plain) in CBT.V508.FILE1043.PDS, moved to PDS/RXUTEST
2025-04-08 18:52:59.969967 - Found TESTRXU$.jcl (text/plain) in CBT.V508.FILE1043.PDS, moved to PDS/TESTRXU$
